TN:
SF:source/index.js
FNF:0
FNH:0
DA:1,1
DA:2,1
LF:2
LH:2
BRDA:2,0,0,3
BRF:1
BRH:1
end_of_record
TN:
SF:source/library/database.js
FN:7,Database
FN:18,_onTrace
FN:22,get path
FN:27,get mode
FN:31,open
FN:43,_database.on.__onTrace
FN:69,existsTableMigration
FN:73,createTableMigration
FN:85,dropTableMigration
FN:89,existsIndexMigration
FN:93,createIndexMigration
FN:104,dropIndexMigration
FN:123,isMigrationInstalled
FN:136,installMigration
FN:149,uninstallMigration
FN:162,existsTable
FN:173,existsIndex
FN:184,exists
FN:189,beginTransaction
FN:194,commitTransaction
FN:199,rollbackTransaction
FN:203,run
FN:227,get
FN:251,all
FN:275,explain
FN:299,close
FNF:26
FNH:25
FNDA:25,Database
FNDA:60,_onTrace
FNDA:24,get path
FNDA:1,get mode
FNDA:39,open
FNDA:60,_database.on.__onTrace
FNDA:20,existsTableMigration
FNDA:4,createTableMigration
FNDA:3,dropTableMigration
FNDA:10,existsIndexMigration
FNDA:4,createIndexMigration
FNDA:3,dropIndexMigration
FNDA:9,isMigrationInstalled
FNDA:5,installMigration
FNDA:4,uninstallMigration
FNDA:20,existsTable
FNDA:10,existsIndex
FNDA:38,exists
FNDA:1,beginTransaction
FNDA:1,commitTransaction
FNDA:1,rollbackTransaction
FNDA:22,run
FNDA:38,get
FNDA:0,all
FNDA:2,explain
FNDA:39,close
DA:1,1
DA:2,1
DA:3,1
DA:4,1
DA:5,1
DA:6,1
DA:7,1
DA:8,25
DA:9,25
DA:10,25
DA:11,25
DA:12,25
DA:13,25
DA:14,25
DA:15,25
DA:16,25
DA:17,1
DA:18,1
DA:19,60
DA:20,60
DA:21,1
DA:22,1
DA:23,24
DA:24,24
DA:25,1
DA:26,1
DA:27,1
DA:28,1
DA:29,1
DA:30,1
DA:31,1
DA:32,39
DA:33,39
DA:34,39
DA:35,39
DA:36,21
DA:37,21
DA:38,18
DA:39,18
DA:40,0
DA:41,18
DA:42,18
DA:43,18
DA:44,60
DA:45,60
DA:46,60
DA:47,60
DA:48,1
DA:49,1
DA:50,1
DA:51,1
DA:52,60
DA:53,60
DA:54,18
DA:55,18
DA:56,18
DA:57,18
DA:58,18
DA:59,18
DA:60,21
DA:61,21
DA:62,21
DA:63,21
DA:64,39
DA:65,39
DA:66,39
DA:67,39
DA:68,1
DA:69,1
DA:70,20
DA:71,20
DA:72,1
DA:73,1
DA:74,4
DA:75,4
DA:76,4
DA:77,4
DA:78,4
DA:79,4
DA:80,4
DA:81,4
DA:82,4
DA:83,4
DA:84,1
DA:85,1
DA:86,3
DA:87,3
DA:88,1
DA:89,1
DA:90,10
DA:91,10
DA:92,1
DA:93,1
DA:94,4
DA:95,4
DA:96,4
DA:97,4
DA:98,4
DA:99,4
DA:100,4
DA:101,4
DA:102,4
DA:103,1
DA:104,1
DA:105,3
DA:106,3
DA:107,1
DA:108,1
DA:109,1
DA:110,1
DA:111,1
DA:112,1
DA:113,1
DA:114,1
DA:115,1
DA:116,1
DA:117,1
DA:118,1
DA:119,1
DA:120,1
DA:121,1
DA:122,1
DA:123,1
DA:124,9
DA:125,9
DA:126,9
DA:127,9
DA:128,9
DA:129,9
DA:130,9
DA:131,9
DA:132,9
DA:133,9
DA:134,9
DA:135,1
DA:136,1
DA:137,5
DA:138,5
DA:139,5
DA:140,5
DA:141,5
DA:142,5
DA:143,5
DA:144,5
DA:145,5
DA:146,5
DA:147,5
DA:148,1
DA:149,1
DA:150,4
DA:151,4
DA:152,4
DA:153,4
DA:154,4
DA:155,4
DA:156,4
DA:157,4
DA:158,4
DA:159,4
DA:160,4
DA:161,1
DA:162,1
DA:163,20
DA:164,20
DA:165,20
DA:166,20
DA:167,20
DA:168,20
DA:169,20
DA:170,20
DA:171,20
DA:172,1
DA:173,1
DA:174,10
DA:175,10
DA:176,10
DA:177,10
DA:178,10
DA:179,10
DA:180,10
DA:181,10
DA:182,10
DA:183,1
DA:184,1
DA:185,38
DA:186,38
DA:187,1
DA:188,1
DA:189,1
DA:190,1
DA:191,1
DA:192,1
DA:193,1
DA:194,1
DA:195,1
DA:196,1
DA:197,1
DA:198,1
DA:199,1
DA:200,1
DA:201,1
DA:202,1
DA:203,1
DA:204,22
DA:205,22
DA:206,22
DA:207,22
DA:208,22
DA:209,22
DA:210,22
DA:211,22
DA:212,22
DA:213,22
DA:214,22
DA:215,22
DA:216,0
DA:217,22
DA:218,22
DA:219,22
DA:220,22
DA:221,22
DA:222,22
DA:223,22
DA:224,22
DA:225,22
DA:226,1
DA:227,1
DA:228,38
DA:229,38
DA:230,38
DA:231,38
DA:232,38
DA:233,38
DA:234,38
DA:235,38
DA:236,38
DA:237,38
DA:238,38
DA:239,38
DA:240,0
DA:241,38
DA:242,38
DA:243,38
DA:244,38
DA:245,38
DA:246,38
DA:247,38
DA:248,38
DA:249,38
DA:250,1
DA:251,1
DA:252,0
DA:253,0
DA:254,0
DA:255,0
DA:256,0
DA:257,0
DA:258,0
DA:259,0
DA:260,0
DA:261,0
DA:262,0
DA:263,0
DA:264,0
DA:265,0
DA:266,0
DA:267,0
DA:268,0
DA:269,0
DA:270,0
DA:271,0
DA:272,0
DA:273,0
DA:274,1
DA:275,1
DA:276,2
DA:277,2
DA:278,2
DA:279,2
DA:280,2
DA:281,2
DA:282,2
DA:283,2
DA:284,2
DA:285,2
DA:286,2
DA:287,2
DA:288,0
DA:289,2
DA:290,2
DA:291,2
DA:292,2
DA:293,2
DA:294,2
DA:295,2
DA:296,2
DA:297,2
DA:298,1
DA:299,1
DA:300,39
DA:301,39
DA:302,39
DA:303,39
DA:304,21
DA:305,21
DA:306,18
DA:307,18
DA:308,0
DA:309,18
DA:310,18
DA:311,18
DA:312,18
DA:313,18
DA:314,18
DA:315,18
DA:316,18
DA:317,18
DA:318,18
DA:319,18
DA:320,21
DA:321,21
DA:322,21
DA:323,21
DA:324,39
DA:325,39
DA:326,39
DA:327,39
DA:328,1
DA:329,1
DA:330,1
DA:331,1
DA:332,1
DA:333,1
DA:334,1
DA:335,1
LF:335
LH:308
BRDA:335,0,0,3
BRDA:7,1,0,25
BRDA:18,2,0,60
BRDA:22,3,0,24
BRDA:31,4,0,39
BRDA:33,5,0,39
BRDA:35,6,0,18
BRDA:35,7,0,21
BRDA:37,8,0,18
BRDA:39,9,0,0
BRDA:43,10,0,60
BRDA:49,11,0,1
BRDA:69,12,0,20
BRDA:73,13,0,4
BRDA:85,14,0,3
BRDA:89,15,0,10
BRDA:93,16,0,4
BRDA:104,17,0,3
BRDA:123,18,0,9
BRDA:132,19,0,1
BRDA:132,20,0,8
BRDA:136,21,0,5
BRDA:149,22,0,4
BRDA:158,23,0,1
BRDA:158,24,0,3
BRDA:162,25,0,20
BRDA:173,26,0,10
BRDA:184,27,0,38
BRDA:185,28,0,20
BRDA:185,29,0,18
BRDA:203,30,0,22
BRDA:211,31,0,22
BRDA:213,32,0,22
BRDA:215,33,0,0
BRDA:227,34,0,38
BRDA:235,35,0,38
BRDA:237,36,0,38
BRDA:239,37,0,0
BRDA:275,38,0,2
BRDA:283,39,0,2
BRDA:285,40,0,2
BRDA:287,41,0,0
BRDA:299,42,0,39
BRDA:301,43,0,39
BRDA:303,44,0,18
BRDA:303,45,0,21
BRDA:305,46,0,18
BRDA:307,47,0,0
BRF:48
BRH:43
end_of_record
TN:
SF:source/library/migration.js
FN:12,Migration
FN:18,get database
FN:22,isInstalled
FN:35,install
FN:39,uninstall
FN:43,createDatabase
FN:47,createMigration
FN:51,getMigration
FN:66,getMigrationFromPath
FN:81,installMigration
FN:112,uninstallMigration
FNF:11
FNH:9
FNDA:30,Migration
FNDA:1,get database
FNDA:10,isInstalled
FNDA:4,install
FNDA:3,uninstall
FNDA:0,createDatabase
FNDA:0,createMigration
FNDA:10,getMigration
FNDA:30,getMigrationFromPath
FNDA:4,installMigration
FNDA:3,uninstallMigration
DA:1,1
DA:2,1
DA:3,1
DA:4,1
DA:5,1
DA:6,1
DA:7,1
DA:8,1
DA:9,1
DA:10,1
DA:11,1
DA:12,1
DA:13,30
DA:14,30
DA:15,30
DA:16,1
DA:17,1
DA:18,1
DA:19,1
DA:20,1
DA:21,1
DA:22,1
DA:23,10
DA:24,10
DA:25,10
DA:26,10
DA:27,10
DA:28,10
DA:29,10
DA:30,10
DA:31,10
DA:32,10
DA:33,10
DA:34,1
DA:35,1
DA:36,4
DA:37,4
DA:38,1
DA:39,1
DA:40,3
DA:41,3
DA:42,1
DA:43,1
DA:44,0
DA:45,0
DA:46,1
DA:47,1
DA:48,0
DA:49,0
DA:50,1
DA:51,1
DA:52,10
DA:53,10
DA:54,10
DA:55,10
DA:56,10
DA:57,3
DA:58,3
DA:59,3
DA:60,3
DA:61,10
DA:62,10
DA:63,10
DA:64,10
DA:65,1
DA:66,1
DA:67,30
DA:68,30
DA:69,30
DA:70,30
DA:71,30
DA:72,13
DA:73,13
DA:74,13
DA:75,13
DA:76,30
DA:77,30
DA:78,30
DA:79,30
DA:80,1
DA:81,1
DA:82,4
DA:83,4
DA:84,4
DA:85,4
DA:86,4
DA:87,4
DA:88,0
DA:89,4
DA:90,4
DA:91,4
DA:92,4
DA:93,4
DA:94,4
DA:95,4
DA:96,4
DA:97,4
DA:98,4
DA:99,4
DA:100,4
DA:101,4
DA:102,4
DA:103,4
DA:104,4
DA:105,4
DA:106,4
DA:107,4
DA:108,4
DA:109,4
DA:110,4
DA:111,1
DA:112,1
DA:113,3
DA:114,3
DA:115,3
DA:116,3
DA:117,3
DA:118,3
DA:119,0
DA:120,3
DA:121,3
DA:122,3
DA:123,3
DA:124,3
DA:125,3
DA:126,3
DA:127,3
DA:128,3
DA:129,3
DA:130,3
DA:131,3
DA:132,3
DA:133,3
DA:134,3
DA:135,3
DA:136,3
DA:137,3
DA:138,3
DA:139,3
DA:140,3
DA:141,3
DA:142,1
DA:143,1
DA:144,1
DA:145,1
LF:145
LH:139
BRDA:145,0,0,3
BRDA:12,1,0,30
BRDA:22,2,0,10
BRDA:27,3,0,8
BRDA:35,4,0,4
BRDA:39,5,0,3
BRDA:51,6,0,10
BRDA:56,7,0,7
BRDA:56,8,0,3
BRDA:66,9,0,30
BRDA:71,10,0,17
BRDA:71,11,0,13
BRDA:81,12,0,4
BRDA:87,13,0,0
BRDA:112,14,0,3
BRDA:118,15,0,0
BRF:16
BRH:14
end_of_record
TN:
SF:source/library/migration/00000000000010-create-table-migration.js
FN:5,Migration
FN:9,isInstalled
FN:21,install
FN:25,uninstall
FNF:4
FNH:4
FNDA:10,Migration
FNDA:10,isInstalled
FNDA:4,install
FNDA:3,uninstall
DA:1,1
DA:2,1
DA:3,1
DA:4,1
DA:5,1
DA:6,10
DA:7,10
DA:8,1
DA:9,1
DA:10,10
DA:11,10
DA:12,10
DA:13,10
DA:14,10
DA:15,10
DA:16,10
DA:17,10
DA:18,10
DA:19,10
DA:20,1
DA:21,1
DA:22,4
DA:23,4
DA:24,1
DA:25,1
DA:26,3
DA:27,3
DA:28,1
DA:29,1
DA:30,1
DA:31,1
LF:31
LH:31
BRDA:31,0,0,2
BRDA:5,1,0,10
BRDA:9,2,0,10
BRDA:21,3,0,4
BRDA:25,4,0,3
BRF:5
BRH:5
end_of_record
TN:
SF:source/library/migration/00000000000020-create-index-migration.js
FN:5,Migration
FN:9,isInstalled
FN:21,install
FN:25,uninstall
FNF:4
FNH:4
FNDA:10,Migration
FNDA:10,isInstalled
FNDA:4,install
FNDA:3,uninstall
DA:1,1
DA:2,1
DA:3,1
DA:4,1
DA:5,1
DA:6,10
DA:7,10
DA:8,1
DA:9,1
DA:10,10
DA:11,10
DA:12,10
DA:13,10
DA:14,10
DA:15,10
DA:16,10
DA:17,10
DA:18,10
DA:19,10
DA:20,1
DA:21,1
DA:22,4
DA:23,4
DA:24,1
DA:25,1
DA:26,3
DA:27,3
DA:28,1
DA:29,1
DA:30,1
DA:31,1
LF:31
LH:31
BRDA:31,0,0,2
BRDA:5,1,0,10
BRDA:9,2,0,10
BRDA:21,3,0,4
BRDA:25,4,0,3
BRF:5
BRH:5
end_of_record
